#
# A fatal error has been detected by the Java Runtime Environment:
#
#  EXCEPTION_IN_PAGE_ERROR (0xc0000006) at pc=0x00007ffcc9a11338, pid=6220, tid=568
#
# JRE version: OpenJDK Runtime Environment (11.0.3+12) (build 11.0.3+12-b304.10)
# Java VM: OpenJDK 64-Bit Server VM (11.0.3+12-b304.10, mixed mode, sharing, tiered, compressed oops, concurrent mark sweep gc, windows-amd64)
# Problematic frame:
# C  [jimage.dll+0x1338]
#
# No core dump will be written. Minidumps are not enabled by default on client versions of Windows
#
# If you would like to submit a bug report, please visit:
#   http://bugreport.java.com/bugreport/crash.jsp
#

---------------  S U M M A R Y ------------

Command Line: exit -Xms128m -Xmx750m -XX:ReservedCodeCacheSize=240m -XX:+UseConcMarkSweepGC -XX:SoftRefLRUPolicyMSPerMB=50 -ea -XX:CICompilerCount=2 -Dsun.io.useCanonPrefixCache=false -Djava.net.preferIPv4Stack=true -Djdk.http.auth.tunneling.disabledSchemes="" -XX:+HeapDumpOnOutOfMemoryError -XX:-OmitStackTraceInFastThrow -Djdk.attach.allowAttachSelf -javaagent:D:\ide\insert\IntelliJ IDEA 2019.2\bin\jetbrains-agent.jar -Djb.vmOptionsFile=D:\ide\insert\IntelliJ IDEA 2019.2\bin\idea64.exe.vmoptions -Djava.library.path=D:\ide\insert\IntelliJ IDEA 2019.2\jbr\\bin;D:\ide\insert\IntelliJ IDEA 2019.2\jbr\\bin\server -Didea.jre.check=true -Dide.native.launcher=true -Didea.paths.selector=IntelliJIdea2019.2 -XX:ErrorFile=C:\Users\admin\java_error_in_idea_%p.log -XX:HeapDumpPath=C:\Users\admin\java_error_in_idea.hprof 

Host: Intel(R) Core(TM) i5-7500 CPU @ 3.40GHz, 4 cores, 7G,  Windows 10 , 64 bit Build 17763 (10.0.17763.292)
Time: Thu Oct 24 17:26:57 2019 ?D1¨²¡À¨º¡Á?¨º¡À?? elapsed time: 383 seconds (0d 0h 6m 23s)

---------------  T H R E A D  ---------------

Current thread (0x0000000000690000):  JavaThread "main" [_thread_in_vm, id=568, stack(0x0000000000050000,0x0000000000150000)]

Stack: [0x0000000000050000,0x0000000000150000],  sp=0x000000000014d5b0,  free space=1013k
Native frames: (J=compiled Java code, j=interpreted, Vv=VM code, C=native code)
C  [jimage.dll+0x1338]

Java frames: (J=compiled Java code, j=interpreted, Vv=VM code)
j  java.io.RandomAccessFile.close()V+30 java.base@11.0.3
j  java.util.zip.ZipFile$Source.<init>(Ljava/util/zip/ZipFile$Source$Key;Z)V+136 java.base@11.0.3
j  java.util.zip.ZipFile$Source.get(Ljava/io/File;Z)Ljava/util/zip/ZipFile$Source;+92 java.base@11.0.3
j  java.util.zip.ZipFile$CleanableResource.<init>(Ljava/util/zip/ZipFile;Ljava/io/File;I)V+54 java.base@11.0.3
j  java.util.zip.ZipFile$CleanableResource.get(Ljava/util/zip/ZipFile;Ljava/io/File;I)Ljava/util/zip/ZipFile$CleanableResource;+66 java.base@11.0.3
j  java.util.zip.ZipFile.<init>(Ljava/io/File;ILjava/nio/charset/Charset;)V+113 java.base@11.0.3
j  java.util.zip.ZipFile.<init>(Ljava/io/File;I)V+6 java.base@11.0.3
j  java.util.zip.ZipFile.<init>(Ljava/lang/String;)V+10 java.base@11.0.3
j  com.intellij.util.lang.JarLoader.createZipFile(Ljava/lang/String;)Ljava/util/zip/ZipFile;+5
J 1135 c1 com.intellij.util.lang.JarLoader.getZipFile()Ljava/util/zip/ZipFile; (123 bytes) @ 0x0000000006644194 [0x00000000066437c0+0x00000000000009d4]
j  com.intellij.util.lang.JarLoader.<init>(Ljava/net/URL;ILcom/intellij/util/lang/ClassPath;)V+73
j  com.intellij.util.lang.ClassPath.createLoader(Ljava/net/URL;ILjava/io/File;Z)Lcom/intellij/util/lang/Loader;+60
j  com.intellij.util.lang.ClassPath.initLoaders(Ljava/net/URL;I)V+103
j  com.intellij.util.lang.ClassPath.getLoaderSlowPath(I)Lcom/intellij/util/lang/Loader;+98
j  com.intellij.util.lang.ClassPath.getLoader(I)Lcom/intellij/util/lang/Loader;+27
j  com.intellij.util.lang.ClassPath.getResource(Ljava/lang/String;)Lcom/intellij/util/lang/Resource;+96
j  com.intellij.util.lang.UrlClassLoader._findClass(Ljava/lang/String;)Ljava/lang/Class;+39
j  com.intellij.util.lang.UrlClassLoader.findClass(Ljava/lang/String;)Ljava/lang/Class;+2
j  java.lang.ClassLoader.loadClass(Ljava/lang/String;Z)Ljava/lang/Class;+70 java.base@11.0.3
J 711 c1 java.lang.ClassLoader.loadClass(Ljava/lang/String;)Ljava/lang/Class; java.base@11.0.3 (7 bytes) @ 0x00000000065545ec [0x00000000065544c0+0x000000000000012c]
v  ~StubRoutines::call_stub
j  java.lang.Class.forName0(Ljava/lang/String;ZLjava/lang/ClassLoader;Ljava/lang/Class;)Ljava/lang/Class;+0 java.base@11.0.3
j  java.lang.Class.forName(Ljava/lang/String;ZLjava/lang/ClassLoader;)Ljava/lang/Class;+43 java.base@11.0.3
j  com.intellij.ide.Bootstrap.main([Ljava/lang/String;Ljava/lang/String;Ljava/lang/String;Ljava/util/LinkedHashMap;)V+60
j  com.intellij.idea.Main.main([Ljava/lang/String;)V+116
v  ~StubRoutines::call_stub

siginfo: EXCEPTION_IN_PAGE_ERROR (0xc0000006), reading address 0x0000000005117fcf


Register to memory mapping:

RIP=0x00007ffcc9a11338 jimage.dll
RAX=0x0000425b5e18a7df is an unknown value
RBX=0x0000000005117fcd is an unknown value
RCX=0x0000000005117fcd is an unknown value
RDX=0x0000000000690b00 points into unknown readable memory: 6a 61 76 61 2f 69 6f 00
RSP=0x000000000014d5b0 is pointing into the stack for thread: 0x0000000000690000
RBP=0x000000000014d680 is pointing into the stack for thread: 0x0000000000690000
RSI=0x0000000005117fcd is an unknown value
RDI=0x0000000005117fcd is an unknown value
R8 =0x00000000000002e0 is an unknown value
R9 =0x000000000014d680 is pointing into the stack for thread: 0x0000000000690000
R10=0x00000000021fac3c points into unknown readable memory: 00 09 01 6d
R11=0x0 is NULL
R12=0x00000000000002e0 is an unknown value
R13=0x0000000000691b20 points into unknown readable memory: a0 b9 e2 a2 fc 7f 00 00
R14=0x0000000000690b00 points into unknown readable memory: 6a 61 76 61 2f 69 6f 00
R15=0x0000000000690b00 points into unknown readable memory: 6a 61 76 61 2f 69 6f 00


Registers:
RAX=0x0000425b5e18a7df, RBX=0x0000000005117fcd, RCX=0x0000000005117fcd, RDX=0x0000000000690b00
RSP=0x000000000014d5b0, RBP=0x000000000014d680, RSI=0x0000000005117fcd, RDI=0x0000000005117fcd
R8 =0x00000000000002e0, R9 =0x000000000014d680, R10=0x00000000021fac3c, R11=0x0000000000000000
R12=0x00000000000002e0, R13=0x0000000000691b20, R14=0x0000000000690b00, R15=0x0000000000690b00
RIP=0x00007ffcc9a11338, EFLAGS=0x0000000000010202

Top of Stack: (sp=0x000000000014d5b0)
0x000000000014d5b0:   0000000800000000 00000008003c3498
0x000000000014d5c0:   0000000005ec09d7 0000000000000002
0x000000000014d5d0:   000000000014d8b0 00007ffca29af33d
0x000000000014d5e0:   000000000014d8b0 0000000000690000
0x000000000014d5f0:   0000000005ec09d7 00000008003c3498
0x000000000014d600:   0000000800000000 0000425b5e18a7df
0x000000000014d610:   00000000000002e0 0000000000690b00
0x000000000014d620:   0000000000690b10 00000000004a6eb0
0x000000000014d630:   0000000002e4ec59 00000000000001d4
0x000000000014d640:   0000000005117fcd 00007ffcc9a11ed3
0x000000000014d650:   0000000000002927 00007ffca2ce4f1a
0x000000000014d660:   0000000093864833 0000000093864833
0x000000000014d670:   00007ffcc9a16000 0000000000000007
0x000000000014d680:   0000000002203bbf 00000000000c57b5
0x000000000014d690:   00000000000c4b09 0000000000690aa0
0x000000000014d6a0:   00000000004a6eb0 00007ffcc9a11f6a 

Instructions: (pc=0x00007ffcc9a11338)
0x00007ffcc9a11318:   8b 05 12 4d 00 00 48 33 c4 48 89 44 24 58 49 8b
0x00007ffcc9a11328:   e9 4d 8b e0 4c 8b fa 48 8b f1 48 8b d9 48 8b f9
0x00007ffcc9a11338:   0f b6 47 02 44 0f b6 47 03 41 c1 e0 08 44 0b c0
0x00007ffcc9a11348:   0f b6 47 01 41 c1 e0 08 44 0b c0 0f b6 07 41 c1 


Stack slot to memory mapping:
stack at sp + 0 slots: 0x0000000800000000 is pointing into metadata
stack at sp + 1 slots: {method} {0x00000008003c34a0} 'findMethodHandleType' '(Ljava/lang/Class;[Ljava/lang/Class;)Ljava/lang/invoke/MethodType;' in 'java/lang/invoke/MethodHandleNatives'
stack at sp + 2 slots: 0x0000000005ec09d7 is at begin+0 in a stub
StubRoutines::call_stub [0x0000000005ec09d7, 0x0000000005ec0b44[ (365 bytes)
stack at sp + 3 slots: 0x0000000000000002 is an unknown value
stack at sp + 4 slots: 0x000000000014d8b0 is pointing into the stack for thread: 0x0000000000690000
stack at sp + 5 slots: 0x00007ffca29af33d jvm.dll
stack at sp + 6 slots: 0x000000000014d8b0 is pointing into the stack for thread: 0x0000000000690000
stack at sp + 7 slots: 0x0000000000690000 is a thread


---------------  P R O C E S S  ---------------

Threads class SMR info:
_java_thread_list=0x0000000019b5b660, length=10, elements={
0x0000000000690000, 0x0000000018555000, 0x000000001855e800, 0x000000001856b000,
0x0000000018570800, 0x0000000018572800, 0x0000000018575800, 0x0000000018594000,
0x00000000195f4000, 0x0000000019b68800
}

Java Threads: ( => current thread )
=>0x0000000000690000 JavaThread "main" [_thread_in_vm, id=568, stack(0x0000000000050000,0x0000000000150000)]
  0x0000000018555000 JavaThread "Reference Handler" daemon [_thread_blocked, id=8964, stack(0x0000000018eb0000,0x0000000018fb0000)]
  0x000000001855e800 JavaThread "Finalizer" daemon [_thread_blocked, id=1324, stack(0x0000000018fb0000,0x00000000190b0000)]
  0x000000001856b000 JavaThread "Signal Dispatcher" daemon [_thread_blocked, id=2456, stack(0x0000000019110000,0x0000000019210000)]
  0x0000000018570800 JavaThread "Attach Listener" daemon [_thread_blocked, id=3820, stack(0x0000000019210000,0x0000000019310000)]
  0x0000000018572800 JavaThread "C2 CompilerThread0" daemon [_thread_blocked, id=6268, stack(0x0000000019310000,0x0000000019410000)]
  0x0000000018575800 JavaThread "C1 CompilerThread0" daemon [_thread_blocked, id=2308, stack(0x0000000019410000,0x0000000019510000)]
  0x0000000018594000 JavaThread "Sweeper thread" daemon [_thread_blocked, id=2640, stack(0x0000000019910000,0x0000000019a10000)]
  0x00000000195f4000 JavaThread "Common-Cleaner" daemon [_thread_blocked, id=8988, stack(0x0000000019a10000,0x0000000019b10000)]
  0x0000000019b68800 JavaThread "Service Thread" daemon [_thread_blocked, id=7812, stack(0x000000001a5c0000,0x000000001a6c0000)]

Other Threads:
  0x000000000074d800 VMThread "VM Thread" [stack: 0x0000000018db0000,0x0000000018eb0000] [id=5948]
  0x0000000019b78000 WatcherThread [stack: 0x000000001a6c0000,0x000000001a7c0000] [id=8052]
  0x00000000006a3800 GCTaskThread "GC Thread#0" [stack: 0x0000000014ec0000,0x0000000014fc0000] [id=1808]
  0x0000000019c33800 GCTaskThread "GC Thread#1" [stack: 0x000000001aac0000,0x000000001abc0000] [id=8980]
  0x00000000006e6000 ConcurrentGCThread "CMS Main Thread" [stack: 0x00000000182b0000,0x00000000183b0000] [id=5200]

Threads with active compile tasks:

VM state:not at safepoint (normal execution)

VM Mutex/Monitor currently owned by a thread: None

Heap address: 0x00000000d1200000, size: 750 MB, Compressed Oops mode: 32-bit
Narrow klass base: 0x0000000800000000, Narrow klass shift: 3
Compressed class space size: 1073741824 Address: 0x0000000840000000

Heap:
 par new generation   total 39296K, used 16998K [0x00000000d1200000, 0x00000000d3ca0000, 0x00000000e0c00000)
  eden space 34944K,  36% used [0x00000000d1200000, 0x00000000d1e59b50, 0x00000000d3420000)
  from space 4352K,  99% used [0x00000000d3860000, 0x00000000d3c9ff40, 0x00000000d3ca0000)
  to   space 4352K,   0% used [0x00000000d3420000, 0x00000000d3420000, 0x00000000d3860000)
 concurrent mark-sweep generation total 87424K, used 6514K [0x00000000e0c00000, 0x00000000e6160000, 0x0000000100000000)
 Metaspace       used 5466K, capacity 6286K, committed 6528K, reserved 1056768K
  class space    used 493K, capacity 623K, committed 640K, reserved 1048576K

Card table byte_map: [0x0000000014fc0000,0x0000000015140000] _byte_map_base: 0x0000000014937000

Marking Bits: (CMSBitMap*) 0x00000000006e41d0
 Bits: [0x0000000015690000, 0x0000000015e60000)

Mod Union Table: (CMSBitMap*) 0x00000000006e4270
 Bits: [0x0000000000430000, 0x000000000044f400)

Polling page: 0x0000000000400000

Metaspace:

Usage:
  Non-class:      5.53 MB capacity,     4.86 MB ( 88%) used,   678.20 KB ( 12%) free+waste,    11.50 KB ( <1%) overhead. 
      Class:    623.00 KB capacity,   493.16 KB ( 79%) used,   123.09 KB ( 20%) free+waste,     6.75 KB (  1%) overhead. 
       Both:      6.14 MB capacity,     5.34 MB ( 87%) used,   801.30 KB ( 13%) free+waste,    18.25 KB ( <1%) overhead. 

Virtual space:
  Non-class space:        8.00 MB reserved,       5.75 MB ( 72%) committed 
      Class space:        1.00 GB reserved,     640.00 KB ( <1%) committed 
             Both:        1.01 GB reserved,       6.38 MB ( <1%) committed 

Chunk freelists:
   Non-Class:  33.00 KB
       Class:  17.00 KB
        Both:  50.00 KB

CodeHeap 'non-profiled nmethods': size=120064Kb used=478Kb max_used=478Kb free=119585Kb
 bounds [0x000000000d980000, 0x000000000dbf0000, 0x0000000014ec0000]
CodeHeap 'profiled nmethods': size=120000Kb used=2022Kb max_used=2022Kb free=117977Kb
 bounds [0x0000000006450000, 0x00000000066c0000, 0x000000000d980000]
CodeHeap 'non-nmethods': size=5696Kb used=1093Kb max_used=1113Kb free=4602Kb
 bounds [0x0000000005ec0000, 0x0000000006130000, 0x0000000006450000]
 total_blobs=1935 nmethods=1151 adapters=307
 compilation: enabled
              stopped_count=0, restarted_count=0
 full_count=0

Compilation events (10 events):
Event: 382.378 Thread 0x0000000018575800 1147       1       com.intellij.util.lang.ClasspathCache$LoaderData::access$200 (5 bytes)
Event: 382.378 Thread 0x0000000018575800 nmethod 1147 0x000000000d9f6c90 code [0x000000000d9f6e40, 0x000000000d9f6f38]
Event: 382.378 Thread 0x0000000018575800 1148       1       com.intellij.util.lang.ClasspathCache$LoaderData::access$300 (5 bytes)
Event: 382.378 Thread 0x0000000018575800 nmethod 1148 0x000000000d9f7010 code [0x000000000d9f71c0, 0x000000000d9f72b8]
Event: 382.378 Thread 0x0000000018575800 1149       1       com.intellij.util.lang.ClasspathCache$LoaderData::getNameFilter (5 bytes)
Event: 382.378 Thread 0x0000000018575800 nmethod 1149 0x000000000d9f7390 code [0x000000000d9f7540, 0x000000000d9f7678]
Event: 382.378 Thread 0x0000000018575800 1150       1       java.util.concurrent.locks.AbstractOwnableSynchronizer::getExclusiveOwnerThread (5 bytes)
Event: 382.378 Thread 0x0000000018575800 nmethod 1150 0x000000000d9f7710 code [0x000000000d9f78c0, 0x000000000d9f79f8]
Event: 382.551 Thread 0x0000000018575800 1151       3       gnu.trove.TLongHash::setUp (24 bytes)
Event: 382.551 Thread 0x0000000018575800 nmethod 1151 0x0000000006648e10 code [0x0000000006649020, 0x0000000006649700]

GC Heap History (2 events):
Event: 369.562 GC heap before
{Heap before GC invocations=0 (full 0):
 par new generation   total 39296K, used 34944K [0x00000000d1200000, 0x00000000d3ca0000, 0x00000000e0c00000)
  eden space 34944K, 100% used [0x00000000d1200000, 0x00000000d3420000, 0x00000000d3420000)
  from space 4352K,   0% used [0x00000000d3420000, 0x00000000d3420000, 0x00000000d3860000)
  to   space 4352K,   0% used [0x00000000d3860000, 0x00000000d3860000, 0x00000000d3ca0000)
 concurrent mark-sweep generation total 87424K, used 0K [0x00000000e0c00000, 0x00000000e6160000, 0x0000000100000000)
 Metaspace       used 5420K, capacity 6286K, committed 6528K, reserved 1056768K
  class space    used 493K, capacity 623K, committed 640K, reserved 1048576K
}
Event: 369.588 GC heap after
{Heap after GC invocations=1 (full 0):
 par new generation   total 39296K, used 4351K [0x00000000d1200000, 0x00000000d3ca0000, 0x00000000e0c00000)
  eden space 34944K,   0% used [0x00000000d1200000, 0x00000000d1200000, 0x00000000d3420000)
  from space 4352K,  99% used [0x00000000d3860000, 0x00000000d3c9ff40, 0x00000000d3ca0000)
  to   space 4352K,   0% used [0x00000000d3420000, 0x00000000d3420000, 0x00000000d3860000)
 concurrent mark-sweep generation total 87424K, used 6514K [0x00000000e0c00000, 0x00000000e6160000, 0x0000000100000000)
 Metaspace       used 5420K, capacity 6286K, committed 6528K, reserved 1056768K
  class space    used 493K, capacity 623K, committed 640K, reserved 1048576K
}

Deoptimization events (10 events):
Event: 343.847 Thread 0x0000000000690000 Uncommon trap: reason=unstable_if action=reinterpret pc=0x000000000d9da1d8 method=java.lang.String.lastIndexOf(II)I @ 4 c2
Event: 343.847 Thread 0x0000000000690000 Uncommon trap: reason=unstable_if action=reinterpret pc=0x000000000d9dbd34 method=java.lang.String.lastIndexOf(II)I @ 4 c2
Event: 343.847 Thread 0x0000000000690000 Uncommon trap: reason=unstable_if action=reinterpret pc=0x000000000d9cf34c method=java.lang.String.startsWith(Ljava/lang/String;I)Z @ 46 c2
Event: 343.847 Thread 0x0000000000690000 Uncommon trap: reason=unstable_if action=reinterpret pc=0x000000000d9c33f8 method=java.lang.String.indexOf(II)I @ 4 c2
Event: 343.847 Thread 0x0000000000690000 Uncommon trap: reason=unstable_if action=reinterpret pc=0x000000000d9ce7c4 method=java.lang.String.lastIndexOf(II)I @ 4 c2
Event: 343.847 Thread 0x0000000000690000 Uncommon trap: reason=unstable_if action=reinterpret pc=0x000000000d9878f4 method=java.lang.String.hashCode()I @ 22 c2
Event: 343.847 Thread 0x0000000000690000 Uncommon trap: reason=unstable_if action=reinterpret pc=0x000000000d9cedf8 method=java.lang.String.lastIndexOf(II)I @ 4 c2
Event: 343.847 Thread 0x0000000000690000 Uncommon trap: reason=unstable_if action=reinterpret pc=0x000000000d9d7058 method=java.lang.String.lastIndexOf(II)I @ 4 c2
Event: 343.847 Thread 0x0000000000690000 Uncommon trap: reason=unstable_if action=reinterpret pc=0x000000000d9c8628 method=java.lang.String.indexOf(II)I @ 4 c2
Event: 343.847 Thread 0x0000000000690000 Uncommon trap: reason=unstable_if action=reinterpret pc=0x000000000d9ce2c0 method=java.lang.String.lastIndexOf(II)I @ 4 c2

Classes redefined (0 events):
No events

Internal exceptions (10 events):
Event: 245.576 Thread 0x0000000000690000 Exception <a 'java/lang/NoSuchMethodError'{0x00000000d178d308}: java.lang.invoke.DirectMethodHandle$Holder.invokeStatic(Ljava/lang/Object;J)Ljava/lang/Object;> (0x00000000d178d308) thrown at [c:/BuildAgent/work/494cbf65e275b67e/src/hotspot/share/interpret
Event: 245.598 Thread 0x0000000000690000 Exception <a 'java/lang/NoSuchMethodError'{0x00000000d179c838}: java.lang.invoke.DirectMethodHandle$Holder.invokeStaticInit(Ljava/lang/Object;Ljava/lang/Object;Ljava/lang/Object;Ljava/lang/Object;Ljava/lang/Object;)Ljava/lang/Object;> (0x00000000d179c838)
Event: 245.615 Thread 0x0000000000690000 Exception <a 'java/io/IOException'{0x00000000d17cfb88}> (0x00000000d17cfb88) thrown at [c:/BuildAgent/work/494cbf65e275b67e/src/hotspot/share/prims/jni.cpp, line 615]
Event: 260.424 Thread 0x0000000000690000 Exception <a 'java/io/IOException'{0x00000000d18016c0}> (0x00000000d18016c0) thrown at [c:/BuildAgent/work/494cbf65e275b67e/src/hotspot/share/prims/jni.cpp, line 615]
Event: 260.425 Thread 0x0000000000690000 Exception <a 'java/io/IOException'{0x00000000d1801a58}> (0x00000000d1801a58) thrown at [c:/BuildAgent/work/494cbf65e275b67e/src/hotspot/share/prims/jni.cpp, line 615]
Event: 260.425 Thread 0x0000000000690000 Exception <a 'java/io/IOException'{0x00000000d1801dc0}> (0x00000000d1801dc0) thrown at [c:/BuildAgent/work/494cbf65e275b67e/src/hotspot/share/prims/jni.cpp, line 615]
Event: 260.868 Thread 0x0000000000690000 Exception <a 'java/lang/ClassCircularityError'{0x00000000d1cf2540}: java/lang/WeakPairMap$Pair$Weak> (0x00000000d1cf2540) thrown at [c:/BuildAgent/work/494cbf65e275b67e/src/hotspot/share/classfile/systemDictionary.cpp, line 402]
Event: 291.572 Thread 0x0000000000690000 Exception <a 'java/lang/NoSuchMethodError'{0x00000000d1f71ba8}: java.lang.invoke.DirectMethodHandle$Holder.invokeStaticInit(Ljava/lang/Object;I)Ljava/lang/Object;> (0x00000000d1f71ba8) thrown at [c:/BuildAgent/work/494cbf65e275b67e/src/hotspot/share/inter
Event: 291.887 Thread 0x0000000000690000 Exception <a 'java/lang/NoSuchMethodError'{0x00000000d1fead88}: java.lang.invoke.DirectMethodHandle$Holder.invokeStaticInit(Ljava/lang/Object;Ljava/lang/Object;Ljava/lang/Object;)Ljava/lang/Object;> (0x00000000d1fead88) thrown at [c:/BuildAgent/work/494cb
Event: 383.177 Thread 0x0000000000690000 Exception <a 'java/io/IOException'{0x00000000d1e52a60}> (0x00000000d1e52a60) thrown at [c:/BuildAgent/work/494cbf65e275b67e/src/hotspot/share/prims/jni.cpp, line 615]

Events (10 events):
Event: 343.849 Thread 0x0000000000690000 DEOPT UNPACKING pc=0x0000000005ee884e sp=0x000000000014d7d0 mode 0
Event: 348.823 Thread 0x0000000000690000 DEOPT PACKING pc=0x000000000660d983 sp=0x000000000014e2f0
Event: 348.823 Thread 0x0000000000690000 DEOPT UNPACKING pc=0x0000000005ee884e sp=0x000000000014d7f8 mode 0
Event: 348.825 Thread 0x0000000000690000 DEOPT PACKING pc=0x000000000660d983 sp=0x000000000014e2f0
Event: 348.825 Thread 0x0000000000690000 DEOPT UNPACKING pc=0x0000000005ee884e sp=0x000000000014d7f8 mode 0
Event: 348.826 Thread 0x0000000000690000 DEOPT PACKING pc=0x000000000660d983 sp=0x000000000014e2f0
Event: 348.826 Thread 0x0000000000690000 DEOPT UNPACKING pc=0x0000000005ee884e sp=0x000000000014d7f8 mode 0
Event: 369.562 Executing VM operation: GenCollectForAllocation
Event: 369.588 Executing VM operation: GenCollectForAllocation done
Event: 383.181 loading class java/io/RandomAccessFile$1


Dynamic libraries:
0x0000000140000000 - 0x0000000140148000 	D:\ide\insert\IntelliJ IDEA 2019.2\bin\idea64.exe
0x00007ffcd2040000 - 0x00007ffcd222d000 	C:\Windows\SYSTEM32\ntdll.dll
0x00007ffccf850000 - 0x00007ffccf903000 	C:\Windows\System32\KERNEL32.DLL
0x00007ffcce360000 - 0x00007ffcce5f3000 	C:\Windows\System32\KERNELBASE.dll
0x00007ffcd1e70000 - 0x00007ffcd2007000 	C:\Windows\System32\USER32.dll
0x00007ffccedb0000 - 0x00007ffccedd0000 	C:\Windows\System32\win32u.dll
0x00007ffccf810000 - 0x00007ffccf839000 	C:\Windows\System32\GDI32.dll
0x00007ffccf050000 - 0x00007ffccf1ea000 	C:\Windows\System32\gdi32full.dll
0x00007ffccedd0000 - 0x00007ffccee70000 	C:\Windows\System32\msvcp_win.dll
0x00007ffcce1f0000 - 0x00007ffcce2ec000 	C:\Windows\System32\ucrtbase.dll
0x00007ffccf3d0000 - 0x00007ffccf473000 	C:\Windows\System32\ADVAPI32.dll
0x00007ffccf770000 - 0x00007ffccf80e000 	C:\Windows\System32\msvcrt.dll
0x00007ffcd12e0000 - 0x00007ffcd137e000 	C:\Windows\System32\sechost.dll
0x00007ffcd18c0000 - 0x00007ffcd19e2000 	C:\Windows\System32\RPCRT4.dll
0x00007ffccf910000 - 0x00007ffcd0dff000 	C:\Windows\System32\SHELL32.dll
0x00007ffcce310000 - 0x00007ffcce35a000 	C:\Windows\System32\cfgmgr32.dll
0x00007ffccf270000 - 0x00007ffccf318000 	C:\Windows\System32\shcore.dll
0x00007ffcd1570000 - 0x00007ffcd189d000 	C:\Windows\System32\combase.dll
0x00007ffccf1f0000 - 0x00007ffccf26e000 	C:\Windows\System32\bcryptPrimitives.dll
0x00007ffcce600000 - 0x00007ffcced4a000 	C:\Windows\System32\windows.storage.dll
0x00007ffcce0c0000 - 0x00007ffcce0e4000 	C:\Windows\System32\profapi.dll
0x00007ffcce060000 - 0x00007ffcce0bd000 	C:\Windows\System32\powrprof.dll
0x00007ffcd1180000 - 0x00007ffcd11d2000 	C:\Windows\System32\shlwapi.dll
0x00007ffcce0f0000 - 0x00007ffcce101000 	C:\Windows\System32\kernel.appcore.dll
0x00007ffcce2f0000 - 0x00007ffcce307000 	C:\Windows\System32\cryptsp.dll
0x00007ffccf740000 - 0x00007ffccf76e000 	C:\Windows\System32\IMM32.DLL
0x00007ffca2640000 - 0x00007ffca30f7000 	D:\ide\insert\IntelliJ IDEA 2019.2\jbr\bin\server\jvm.dll
0x00007ffccf660000 - 0x00007ffccf668000 	C:\Windows\System32\PSAPI.DLL
0x00007ffcb0570000 - 0x00007ffcb0579000 	C:\Windows\SYSTEM32\WSOCK32.dll
0x00007ffcd11f0000 - 0x00007ffcd125d000 	C:\Windows\System32\WS2_32.dll
0x00007ffcc92f0000 - 0x00007ffcc92fa000 	C:\Windows\SYSTEM32\VERSION.dll
0x00007ffcbda60000 - 0x00007ffcbda76000 	C:\Windows\SYSTEM32\VCRUNTIME140.dll
0x00007ffccc110000 - 0x00007ffccc134000 	C:\Windows\SYSTEM32\WINMM.dll
0x00007ffccc0e0000 - 0x00007ffccc10d000 	C:\Windows\SYSTEM32\winmmbase.dll
0x00007ffcca9b0000 - 0x00007ffcca9c1000 	D:\ide\insert\IntelliJ IDEA 2019.2\jbr\bin\verify.dll
0x00007ffcbd150000 - 0x00007ffcbd33d000 	C:\Windows\SYSTEM32\DBGHELP.DLL
0x00007ffcbcb90000 - 0x00007ffcbcbba000 	C:\Windows\SYSTEM32\dbgcore.DLL
0x00007ffcc2270000 - 0x00007ffcc2299000 	D:\ide\insert\IntelliJ IDEA 2019.2\jbr\bin\java.dll
0x00007ffcba470000 - 0x00007ffcba4a4000 	D:\ide\insert\IntelliJ IDEA 2019.2\jbr\bin\instrument.dll
0x00007ffcca490000 - 0x00007ffcca4a7000 	D:\ide\insert\IntelliJ IDEA 2019.2\jbr\bin\zip.dll
0x00007ffcc9a10000 - 0x00007ffcc9a1b000 	D:\ide\insert\IntelliJ IDEA 2019.2\jbr\bin\jimage.dll
0x00007ffcc2440000 - 0x00007ffcc245a000 	D:\ide\insert\IntelliJ IDEA 2019.2\jbr\bin\net.dll
0x00007ffcc5460000 - 0x00007ffcc5551000 	C:\Windows\SYSTEM32\WINHTTP.dll
0x00007ffcc4a80000 - 0x00007ffcc4c57000 	C:\Windows\SYSTEM32\urlmon.dll
0x00007ffcc39a0000 - 0x00007ffcc3c48000 	C:\Windows\SYSTEM32\iertutil.dll
0x00007ffccdaa0000 - 0x00007ffccdaac000 	C:\Windows\SYSTEM32\CRYPTBASE.DLL
0x00007ffccd8d0000 - 0x00007ffccd937000 	C:\Windows\system32\mswsock.dll
0x00007ffcc2420000 - 0x00007ffcc2434000 	D:\ide\insert\IntelliJ IDEA 2019.2\jbr\bin\nio.dll
0x00007ffcc24a0000 - 0x00007ffcc24c8000 	D:\ide\insert\IntelliJ IDEA 2019.2\jbr\bin\sunec.dll
0x00007ffccd670000 - 0x00007ffccd736000 	C:\Windows\SYSTEM32\DNSAPI.dll
0x00007ffcd11e0000 - 0x00007ffcd11e8000 	C:\Windows\System32\NSI.dll
0x00007ffccd630000 - 0x00007ffccd66d000 	C:\Windows\SYSTEM32\IPHLPAPI.DLL
0x00007ffcc5da0000 - 0x00007ffcc5e19000 	C:\Windows\System32\fwpuclnt.dll
0x00007ffcce1c0000 - 0x00007ffcce1e6000 	C:\Windows\System32\bcrypt.dll
0x00007ffcc5450000 - 0x00007ffcc545a000 	C:\Windows\System32\rasadhlp.dll
0x00007ffcc9a00000 - 0x00007ffcc9a0a000 	D:\ide\insert\IntelliJ IDEA 2019.2\jbr\bin\management.dll
0x00007ffcc4e00000 - 0x00007ffcc4e0c000 	D:\ide\insert\IntelliJ IDEA 2019.2\jbr\bin\management_ext.dll

dbghelp: loaded successfully - version: 4.0.5 - missing functions: none
symbol engine: initialized successfully - sym options: 0x614 - pdb path: .;D:\ide\insert\IntelliJ IDEA 2019.2\bin;C:\Windows\SYSTEM32;D:\ide\insert\IntelliJ IDEA 2019.2\jbr\bin\server;D:\ide\insert\IntelliJ IDEA 2019.2\jbr\bin

VM Arguments:
jvm_args: exit -Xms128m -Xmx750m -XX:ReservedCodeCacheSize=240m -XX:+UseConcMarkSweepGC -XX:SoftRefLRUPolicyMSPerMB=50 -ea -XX:CICompilerCount=2 -Dsun.io.useCanonPrefixCache=false -Djava.net.preferIPv4Stack=true -Djdk.http.auth.tunneling.disabledSchemes="" -XX:+HeapDumpOnOutOfMemoryError -XX:-OmitStackTraceInFastThrow -Djdk.attach.allowAttachSelf -javaagent:D:\ide\insert\IntelliJ IDEA 2019.2\bin\jetbrains-agent.jar -Djb.vmOptionsFile=D:\ide\insert\IntelliJ IDEA 2019.2\bin\idea64.exe.vmoptions -Djava.library.path=D:\ide\insert\IntelliJ IDEA 2019.2\jbr\\bin;D:\ide\insert\IntelliJ IDEA 2019.2\jbr\\bin\server -Didea.jre.check=true -Dide.native.launcher=true -Didea.paths.selector=IntelliJIdea2019.2 -XX:ErrorFile=C:\Users\admin\java_error_in_idea_%p.log -XX:HeapDumpPath=C:\Users\admin\java_error_in_idea.hprof 
java_command: <unknown>
java_class_path (initial): D:\ide\insert\IntelliJ IDEA 2019.2\lib\bootstrap.jar;D:\ide\insert\IntelliJ IDEA 2019.2\lib\extensions.jar;D:\ide\insert\IntelliJ IDEA 2019.2\lib\util.jar;D:\ide\insert\IntelliJ IDEA 2019.2\lib\jdom.jar;D:\ide\insert\IntelliJ IDEA 2019.2\lib\log4j.jar;D:\ide\insert\IntelliJ IDEA 2019.2\lib\trove4j.jar;D:\ide\insert\IntelliJ IDEA 2019.2\lib\jna.jar
Launcher Type: generic

[Global flags]
     intx CICompilerCount                          = 2                                         {product} {command line}
    ccstr ErrorFile                                = C:\Users\admin\java_error_in_idea_%p.log            {product} {command line}
     bool HeapDumpOnOutOfMemoryError               = true                                   {manageable} {command line}
    ccstr HeapDumpPath                             = C:\Users\admin\java_error_in_idea.hprof         {manageable} {command line}
   size_t InitialHeapSize                          = 134217728                                 {product} {command line}
   size_t MaxHeapSize                              = 786432000                                 {product} {command line}
   size_t MaxNewSize                               = 262144000                                 {product} {ergonomic}
    uintx MaxTenuringThreshold                     = 6                                         {product} {ergonomic}
   size_t MinHeapDeltaBytes                        = 196608                                    {product} {ergonomic}
   size_t NewSize                                  = 44695552                                  {product} {ergonomic}
    uintx NonNMethodCodeHeapSize                   = 5824844                                {pd product} {ergonomic}
    uintx NonProfiledCodeHeapSize                  = 122916698                              {pd product} {ergonomic}
   size_t OldSize                                  = 89522176                                  {product} {ergonomic}
     bool OmitStackTraceInFastThrow                = false                                     {product} {command line}
    uintx ProfiledCodeHeapSize                     = 122916698                              {pd product} {ergonomic}
    uintx ReservedCodeCacheSize                    = 251658240                              {pd product} {command line}
     bool SegmentedCodeCache                       = true                                      {product} {ergonomic}
     intx SoftRefLRUPolicyMSPerMB                  = 50                                        {product} {command line}
     bool UseCompressedClassPointers               = true                                 {lp64_product} {ergonomic}
     bool UseCompressedOops                        = true                                 {lp64_product} {ergonomic}
     bool UseConcMarkSweepGC                       = true                                      {product} {command line}
     bool UseLargePagesIndividualAllocation        = false                                  {pd product} {ergonomic}

Logging:
Log output configuration:
 #0: stdout all=warning uptime,level,tags
 #1: stderr all=off uptime,level,tags

Environment Variables:
PATH=C:\Windows\system32;C:\Windows;C:\Windows\System32\Wbem;C:\Windows\System32\WindowsPowerShell\v1.0\;C:\Windows\System32\OpenSSH\;C:\Program Files (x86)\NVIDIA Corporation\PhysX\Common;C:\Program Files\NVIDIA Corporation\NVIDIA NvDLISR;C:\Users\admin\AppData\Local\Microsoft\WindowsApps;
USERNAME=admin
OS=Windows_NT
PROCESSOR_IDENTIFIER=Intel64 Family 6 Model 158 Stepping 9, GenuineIntel



---------------  S Y S T E M  ---------------

OS: Windows 10 , 64 bit Build 17763 (10.0.17763.292)

CPU:total 4 (initial active 4) (4 cores per cpu, 1 threads per core) family 6 model 158 stepping 9, cmov, cx8, fxsr, mmx, sse, sse2, sse3, ssse3, sse4.1, sse4.2, popcnt, avx, avx2, aes, clmul, erms, rtm, 3dnowpref, lzcnt, tsc, tscinvbit, bmi1, bmi2, adx, fma

Memory: 4k page, system-wide physical 8150M (5989M free)
TotalPageFile size 10070M (AvailPageFile size 6410M)
current process WorkingSet (physical memory assigned to process): 92M, peak: 94M
current process commit charge ("private bytes"): 221M, peak: 226M

vm_info: OpenJDK 64-Bit Server VM (11.0.3+12-b304.10) for windows-amd64 JRE (11.0.3+12-b304.10), built on Jun 25 2019 07:10:45 by "" with MS VC++ 14.0 (VS2015)

END.
sX\Common;C:\Program Files\NVIDIA Corporation\NVIDIA NvDLISR;C:\Users\admin\AppData\Local\Microsoft\WindowsApps;
USERNAME=admin
OS=Windows_NT
PROCESSOR_IDENTIFIER=Intel64 Family 6 Model 158 Stepping 9, GenuineIntel



---------------  S Y S T E M  ---------------

OS: Windows 10 , 64 bit Build 17763 (10.0.17763.292)

CPU:total 4 (initi